<?xml version="1.0" encoding="UTF-8"?>
<!-- Generated by org.testng.reporters.JUnitReportReporter -->
<testsuite hostname="Rounit" failures="0" tests="5" name="com.qa.gorest.tests.CreateUserTest" time="45.047" errors="0" timestamp="2024-01-11T23:41:35 IST" skipped="0">
  <testcase classname="com.qa.gorest.tests.CreateUserTest" name="createUsersTest" time="2.960"/>
  <system-out/>
  <testcase classname="com.qa.gorest.tests.CreateUserTest" name="createUsersTest" time="2.523"/>
  <system-out/>
  <testcase classname="com.qa.gorest.tests.CreateUserTest" name="createUsersTest" time="3.023"/>
  <system-out/>
  <testcase classname="com.qa.gorest.tests.CreateUserTest" name="createUsersTest" time="2.417"/>
  <system-out/>
  <testcase classname="com.qa.gorest.tests.CreateUserTest" name="createUsersTest" time="34.124"/>
  <system-out/>
</testsuite> <!-- com.qa.gorest.tests.CreateUserTest -->
